\BOOKMARK [0][-]{chapter*.2}{Abstract}{}% 1
\BOOKMARK [0][-]{chapter.1}{Introduction}{}% 2
\BOOKMARK [1][-]{section.1.1}{Theory}{chapter.1}% 3
\BOOKMARK [0][-]{chapter.2}{Jefferson Lab and CLAS}{}% 4
\BOOKMARK [1][-]{section.2.1}{Background}{chapter.2}% 5
\BOOKMARK [1][-]{section.2.2}{CLAS}{chapter.2}% 6
\BOOKMARK [2][-]{subsection.2.2.1}{Tagged-Bremsstrahlung}{section.2.2}% 7
\BOOKMARK [2][-]{subsection.2.2.2}{Detectors Systems}{section.2.2}% 8
\BOOKMARK [1][-]{section.2.3}{The upgrade to CLAS12}{chapter.2}% 9
\BOOKMARK [0][-]{chapter.3}{The Forward Tagger}{}% 10
\BOOKMARK [1][-]{section.3.1}{The MesonEx Program}{chapter.3}% 11
\BOOKMARK [2][-]{subsection.3.1.1}{The MesonEx Program}{section.3.1}% 12
\BOOKMARK [2][-]{subsection.3.1.2}{Electroproduction at very small Q2}{section.3.1}% 13
\BOOKMARK [1][-]{section.3.2}{The Forward Tagger}{chapter.3}% 14
\BOOKMARK [1][-]{section.3.3}{Design of the Hodoscope}{chapter.3}% 15
\BOOKMARK [2][-]{subsection.3.3.1}{Plastic Scintillator Tiles}{section.3.3}% 16
\BOOKMARK [2][-]{subsection.3.3.2}{Wavelength Shifting Fibres}{section.3.3}% 17
\BOOKMARK [2][-]{subsection.3.3.3}{Fibre Routing}{section.3.3}% 18
\BOOKMARK [2][-]{subsection.3.3.4}{Detector Enclosure}{section.3.3}% 19
\BOOKMARK [2][-]{subsection.3.3.5}{Silicon Photomultipliers}{section.3.3}% 20
\BOOKMARK [2][-]{subsection.3.3.6}{Electronic Boards.}{section.3.3}% 21
\BOOKMARK [2][-]{subsection.3.3.7}{Signal Transmission}{section.3.3}% 22
\BOOKMARK [2][-]{subsection.3.3.8}{Light sealing}{section.3.3}% 23
\BOOKMARK [2][-]{subsection.3.3.9}{Support structure and Shielding}{section.3.3}% 24
\BOOKMARK [2][-]{subsection.3.3.10}{2 layered design}{section.3.3}% 25
\BOOKMARK [0][-]{chapter.4}{Simulations}{}% 26
\BOOKMARK [1][-]{section.4.1}{Simulations}{chapter.4}% 27
\BOOKMARK [2][-]{subsection.4.1.1}{Tile Thickness Simulations}{section.4.1}% 28
\BOOKMARK [2][-]{subsection.4.1.2}{Timing Resolution}{section.4.1}% 29
\BOOKMARK [2][-]{subsection.4.1.3}{Fibre Bending}{section.4.1}% 30
\BOOKMARK [2][-]{subsection.4.1.4}{Radiation Dose}{section.4.1}% 31
\BOOKMARK [0][-]{chapter.5}{Beamtime}{}% 32
\BOOKMARK [1][-]{section.5.1}{Beamtime}{chapter.5}% 33
\BOOKMARK [2][-]{subsection.5.1.1}{First Test: Hall B at JLAB}{section.5.1}% 34
\BOOKMARK [2][-]{subsection.5.1.2}{Second Test: BTF at DANE}{section.5.1}% 35
\BOOKMARK [2][-]{subsection.5.1.3}{Third Test: BTF at DANE}{section.5.1}% 36
\BOOKMARK [0][-]{chapter.6}{Construction}{}% 37
\BOOKMARK [1][-]{section.6.1}{Contruction}{chapter.6}% 38
\BOOKMARK [2][-]{subsection.6.1.1}{Tile and Fibre Preparation}{section.6.1}% 39
\BOOKMARK [2][-]{subsection.6.1.2}{Assembly}{section.6.1}% 40
\BOOKMARK [2][-]{subsection.6.1.3}{Gluing}{section.6.1}% 41
\BOOKMARK [2][-]{subsection.6.1.4}{Sealing the detector system}{section.6.1}% 42
\BOOKMARK [2][-]{subsection.6.1.5}{Packing for transport}{section.6.1}% 43
\BOOKMARK [2][-]{subsection.6.1.6}{Testing at JLAB}{section.6.1}% 44
\BOOKMARK [1][-]{section.6.2}{Detector Longevity}{chapter.6}% 45
\BOOKMARK [1][-]{section.6.3}{Software Development}{chapter.6}% 46
\BOOKMARK [1][-]{section.6.4}{Commissioning}{chapter.6}% 47
\BOOKMARK [1][-]{section.6.5}{Future development}{chapter.6}% 48
\BOOKMARK [0][-]{chapter.7}{Sub-Systems, Testing and Development}{}% 49
\BOOKMARK [1][-]{section.7.1}{Sub-Systems}{chapter.7}% 50
\BOOKMARK [2][-]{subsection.7.1.1}{Tiles}{section.7.1}% 51
\BOOKMARK [2][-]{subsection.7.1.2}{Optical Fibres}{section.7.1}% 52
\BOOKMARK [2][-]{subsection.7.1.3}{Structure}{section.7.1}% 53
\BOOKMARK [2][-]{subsection.7.1.4}{Lightsealing and protection}{section.7.1}% 54
\BOOKMARK [2][-]{subsection.7.1.5}{Silicon Photomultipliers}{section.7.1}% 55
\BOOKMARK [2][-]{subsection.7.1.6}{Electronics}{section.7.1}% 56
\BOOKMARK [2][-]{subsection.7.1.7}{Reflective materials}{section.7.1}% 57
\BOOKMARK [2][-]{subsection.7.1.8}{Optical Connections and transport}{section.7.1}% 58
\BOOKMARK [2][-]{subsection.7.1.9}{Fibre Routing}{section.7.1}% 59
\BOOKMARK [2][-]{subsection.7.1.10}{Glues}{section.7.1}% 60
\BOOKMARK [2][-]{subsection.7.1.11}{Forward Tagger Flasher Flasher}{section.7.1}% 61
\BOOKMARK [2][-]{subsection.7.1.12}{Effect of radiation on different components}{section.7.1}% 62
\BOOKMARK [2][-]{subsection.7.1.13}{Configuration}{section.7.1}% 63
\BOOKMARK [2][-]{subsection.7.1.14}{Numbering system for the elements of the detector system}{section.7.1}% 64
\BOOKMARK [2][-]{subsection.7.1.15}{Repairs and maintenance}{section.7.1}% 65
\BOOKMARK [2][-]{subsection.7.1.16}{Transferable use in the future}{section.7.1}% 66
\BOOKMARK [2][-]{subsection.7.1.17}{Additional bits}{section.7.1}% 67
\BOOKMARK [1][-]{section.7.2}{Testing}{chapter.7}% 68
\BOOKMARK [1][-]{section.7.3}{Development}{chapter.7}% 69
\BOOKMARK [0][-]{chapter.8}{Analysis of the p \040decay channel}{}% 70
\BOOKMARK [1][-]{section.8.1}{Theory}{chapter.8}% 71
\BOOKMARK [1][-]{section.8.2}{Literature Review}{chapter.8}% 72
\BOOKMARK [1][-]{section.8.3}{Filtering}{chapter.8}% 73
\BOOKMARK [2][-]{subsection.8.3.1}{CLAS Cooking}{section.8.3}% 74
\BOOKMARK [2][-]{subsection.8.3.2}{g11 filter code}{section.8.3}% 75
\BOOKMARK [1][-]{section.8.4}{Framework}{chapter.8}% 76
\BOOKMARK [1][-]{section.8.5}{Corrections}{chapter.8}% 77
\BOOKMARK [1][-]{section.8.6}{Simulations}{chapter.8}% 78
\BOOKMARK [1][-]{section.8.7}{pp+- +-+-\(0\)}{chapter.8}% 79
\BOOKMARK [1][-]{section.8.8}{pp+- +-\(\)}{chapter.8}% 80
\BOOKMARK [2][-]{subsection.8.8.1}{Sideband Subtraction}{section.8.8}% 81
\BOOKMARK [2][-]{subsection.8.8.2}{Code Structure}{section.8.8}% 82
\BOOKMARK [2][-]{subsection.8.8.3}{sWeights Background Subtraction}{section.8.8}% 83
\BOOKMARK [2][-]{subsection.8.8.4}{Van Hove Plots}{section.8.8}% 84
\BOOKMARK [1][-]{section.8.9}{Partial wave analysis}{chapter.8}% 85
\BOOKMARK [1][-]{section.8.10}{Results}{chapter.8}% 86
\BOOKMARK [1][-]{section.8.11}{Applications to CLAS12 development}{chapter.8}% 87
\BOOKMARK [0][-]{chapter.9}{Analysis of previous work analysing the \040decay channel}{}% 88
\BOOKMARK [1][-]{section.9.1}{List of Papers}{chapter.9}% 89
\BOOKMARK [1][-]{section.9.2}{Overview}{chapter.9}% 90
\BOOKMARK [2][-]{subsection.9.2.1}{Previous studies looking at decays of a2\(1320\) to }{section.9.2}% 91
\BOOKMARK [1][-]{section.9.3}{additional useful bits}{chapter.9}% 92
\BOOKMARK [0][-]{section*.92}{Bibliography}{}% 93
